  game.cpp
D:\project\Sorting-Algorithm-Visualization\sorting\src\game.cpp(70,64): warning C4244: 'argument': conversion from 'int' to 'T', possible loss of data
D:\project\Sorting-Algorithm-Visualization\sorting\src\game.cpp(70,64): warning C4244:         with
D:\project\Sorting-Algorithm-Visualization\sorting\src\game.cpp(70,64): warning C4244:         [
D:\project\Sorting-Algorithm-Visualization\sorting\src\game.cpp(70,64): warning C4244:             T=float
D:\project\Sorting-Algorithm-Visualization\sorting\src\game.cpp(70,64): warning C4244:         ]
D:\project\Sorting-Algorithm-Visualization\sorting\src\game.cpp(70,46): warning C4244: 'argument': conversion from 'int' to 'T', possible loss of data
D:\project\Sorting-Algorithm-Visualization\sorting\src\game.cpp(70,46): warning C4244:         with
D:\project\Sorting-Algorithm-Visualization\sorting\src\game.cpp(70,46): warning C4244:         [
D:\project\Sorting-Algorithm-Visualization\sorting\src\game.cpp(70,46): warning C4244:             T=float
D:\project\Sorting-Algorithm-Visualization\sorting\src\game.cpp(70,46): warning C4244:         ]
D:\project\Sorting-Algorithm-Visualization\sorting\src\game.cpp(287,21): warning C4244: 'initializing': conversion from 'T' to 'float', possible loss of data
D:\project\Sorting-Algorithm-Visualization\sorting\src\game.cpp(287,21): warning C4244:         with
D:\project\Sorting-Algorithm-Visualization\sorting\src\game.cpp(287,21): warning C4244:         [
D:\project\Sorting-Algorithm-Visualization\sorting\src\game.cpp(287,21): warning C4244:             T=unsigned int
D:\project\Sorting-Algorithm-Visualization\sorting\src\game.cpp(287,21): warning C4244:         ]
D:\project\Sorting-Algorithm-Visualization\sorting\src\game.cpp(288,25): warning C4244: 'initializing': conversion from 'T' to 'float', possible loss of data
D:\project\Sorting-Algorithm-Visualization\sorting\src\game.cpp(288,25): warning C4244:         with
D:\project\Sorting-Algorithm-Visualization\sorting\src\game.cpp(288,25): warning C4244:         [
D:\project\Sorting-Algorithm-Visualization\sorting\src\game.cpp(288,25): warning C4244:             T=unsigned int
D:\project\Sorting-Algorithm-Visualization\sorting\src\game.cpp(288,25): warning C4244:         ]
D:\project\Sorting-Algorithm-Visualization\sorting\src\game.cpp(293,77): warning C4244: 'argument': conversion from 'T' to 'T', possible loss of data
D:\project\Sorting-Algorithm-Visualization\sorting\src\game.cpp(293,77): warning C4244:         with
D:\project\Sorting-Algorithm-Visualization\sorting\src\game.cpp(293,77): warning C4244:         [
D:\project\Sorting-Algorithm-Visualization\sorting\src\game.cpp(293,77): warning C4244:             T=unsigned int
D:\project\Sorting-Algorithm-Visualization\sorting\src\game.cpp(293,77): warning C4244:         ]
D:\project\Sorting-Algorithm-Visualization\sorting\src\game.cpp(293,77): warning C4244:         and
D:\project\Sorting-Algorithm-Visualization\sorting\src\game.cpp(293,77): warning C4244:         [
D:\project\Sorting-Algorithm-Visualization\sorting\src\game.cpp(293,77): warning C4244:             T=float
D:\project\Sorting-Algorithm-Visualization\sorting\src\game.cpp(293,77): warning C4244:         ]
  Generating code
  3 of 1068 functions ( 0.3%) were compiled, the rest were copied from previous compilation.
    0 functions were new in current compilation
    0 functions had inline decision re-evaluated but remain unchanged
  Finished generating code
  sorting.vcxproj -> D:\project\Sorting-Algorithm-Visualization\sorting\x64\Release\sorting.exe
